[   10088ms] [WARNING] [JavaScript Warning: "The resource at “http://127.0.0.1:3000/_next/static/media/01e4147cff8141ee-s.p.10ked.7w885.g.woff2” preloaded with link preload was not used within a few seconds. Make sure all attributes of the preload tag are set correctly." {file: "http://127.0.0.1:3000/" line: 0}] @ http://127.0.0.1:3000/:0
[   10089ms] [WARNING] [JavaScript Warning: "The resource at “http://127.0.0.1:3000/_next/static/media/a343f882a40d2cc9-s.p.0kho-wj7-y-w1.woff2” preloaded with link preload was not used within a few seconds. Make sure all attributes of the preload tag are set correctly." {file: "http://127.0.0.1:3000/" line: 0}] @ http://127.0.0.1:3000/:0
[  144499ms] SyntaxError: invalid escape sequence
    at _promiseAwareJsonValueNoThrow/< (debugger eval code:328:30)
    at async*_promiseAwareJsonValueNoThrow (debugger eval code:330:9)
    at evaluate (debugger eval code:311:33)
    at  (debugger eval code:1:44)
    at evaluateFunction (chrome://juggler/content/content/Runtime.js:412:60)
    at callFunction (chrome://juggler/content/content/Runtime.js:103:41)
    at _onMessageInternal (chrome://juggler/content/SimpleChannel.js:237:37)
    at _onMessage (chrome://juggler/content/SimpleChannel.js:194:12)
    at bindToActor/actor.receiveMessage (chrome://juggler/content/SimpleChannel.js:39:44)
[  161784ms] ReferenceError: style is not defined
    at _promiseAwareJsonValueNoThrow/< (debugger eval code:328:30)
    at async*_promiseAwareJsonValueNoThrow (debugger eval code:330:9)
    at evaluate (debugger eval code:311:33)
    at  (debugger eval code:1:44)
    at evaluateFunction (chrome://juggler/content/content/Runtime.js:412:60)
    at callFunction (chrome://juggler/content/content/Runtime.js:103:41)
    at _onMessageInternal (chrome://juggler/content/SimpleChannel.js:237:37)
    at _onMessage (chrome://juggler/content/SimpleChannel.js:194:12)
    at bindToActor/actor.receiveMessage (chrome://juggler/content/SimpleChannel.js:39:44)
[  177938ms] ReferenceError: div is not defined
    at _promiseAwareJsonValueNoThrow/< (debugger eval code:328:30)
    at async*_promiseAwareJsonValueNoThrow (debugger eval code:330:9)
    at evaluate (debugger eval code:311:33)
    at  (debugger eval code:1:44)
    at evaluateFunction (chrome://juggler/content/content/Runtime.js:412:60)
    at callFunction (chrome://juggler/content/content/Runtime.js:103:41)
    at _onMessageInternal (chrome://juggler/content/SimpleChannel.js:237:37)
    at _onMessage (chrome://juggler/content/SimpleChannel.js:194:12)
    at bindToActor/actor.receiveMessage (chrome://juggler/content/SimpleChannel.js:39:44)
[  194579ms] TypeError: Document.querySelectorAll: At least 1 argument required, but only 0 passed
    at _promiseAwareJsonValueNoThrow/< (debugger eval code:328:30)
    at async*_promiseAwareJsonValueNoThrow (debugger eval code:330:9)
    at evaluate (debugger eval code:311:33)
    at  (debugger eval code:1:44)
    at evaluateFunction (chrome://juggler/content/content/Runtime.js:412:60)
    at callFunction (chrome://juggler/content/content/Runtime.js:103:41)
    at _onMessageInternal (chrome://juggler/content/SimpleChannel.js:237:37)
    at _onMessage (chrome://juggler/content/SimpleChannel.js:194:12)
    at bindToActor/actor.receiveMessage (chrome://juggler/content/SimpleChannel.js:39:44)
